<?xml version="1.0" encoding="UTF-8"?>
<testng-results ignored="0" total="1" passed="1" failed="0" skipped="0">
  <reporter-output>
  </reporter-output>
  <suite started-at="2022-06-30T15:30:01 CDT" name="Default suite" finished-at="2022-06-30T15:30:08 CDT" duration-ms="7124">
    <groups>
    </groups>
    <test started-at="2022-06-30T15:30:01 CDT" name="Default test" finished-at="2022-06-30T15:30:08 CDT" duration-ms="7124">
      <class name="categoryAssignment.Drop_Down_Month">
        <test-method is-config="true" signature="init()[pri:0, instance:categoryAssignment.Drop_Down_Month@378542de]" started-at="2022-06-30T15:30:01 CDT" name="init" finished-at="2022-06-30T15:30:04 CDT" duration-ms="2500" status="PASS">
          <reporter-output>
          </reporter-output>
        </test-method> <!-- init -->
        <test-method signature="addCategory()[pri:0, instance:categoryAssignment.Drop_Down_Month@378542de]" started-at="2022-06-30T15:30:04 CDT" name="addCategory" finished-at="2022-06-30T15:30:08 CDT" duration-ms="4317" status="PASS">
          <reporter-output>
          </reporter-output>
        </test-method> <!-- addCategory -->
        <test-method is-config="true" signature="tearDown()[pri:0, instance:categoryAssignment.Drop_Down_Month@378542de]" started-at="2022-06-30T15:30:08 CDT" name="tearDown" finished-at="2022-06-30T15:30:08 CDT" duration-ms="248" status="PASS">
          <reporter-output>
          </reporter-output>
        </test-method> <!-- tearDown -->
      </class> <!-- categoryAssignment.Drop_Down_Month -->
    </test> <!-- Default test -->
  </suite> <!-- Default suite -->
</testng-results>
